2021-11-27 10:54:04,406 INFO  [org.jboss.modules] (main) JBoss Modules version 1.12.0.Final
2021-11-27 10:54:05,567 INFO  [org.jboss.msc] (main) JBoss MSC version 1.4.13.Final
2021-11-27 10:54:05,587 INFO  [org.jboss.threads] (main) JBoss Threads version 2.4.0.Final
2021-11-27 10:54:05,785 INFO  [org.jboss.as] (MSC service thread 1-2) WFLYSRV0049: WildFly Full 25.0.0.Final (WildFly Core 17.0.1.Final) starting
2021-11-27 10:54:05,788 DEBUG [org.jboss.as.config] (MSC service thread 1-2) Configured system properties:
	file.encoding = UTF-8
	file.separator = /
	ftp.nonProxyHosts = local|*.local|169.254/16|*.169.254/16
	http.nonProxyHosts = local|*.local|169.254/16|*.169.254/16
	java.awt.headless = true
	java.class.path = /Users/fabiojosepereiralima/Documents/OneDrive/Fabiojpl/DaybyDay/Atividades/20_SENAI_Vila_Mariana/SENAI_Full_Stack/Aulas_SENAI/UC11 - Modelagem de Sistemas/SA2 - Atividade 1 - Presencial - Implantação de aplicação Web/AppCaixaEletronico/wildfly-25.0.0.Final/jboss-modules.jar
	java.class.version = 59.0
	java.home = /Library/Java/JavaVirtualMachines/jdk-15.0.1.jdk/Contents/Home
	java.io.tmpdir = /var/folders/5h/r47f4mvd4nd_2g7b3j5rx36h0000gn/T/
	java.library.path = /Users/fabiojosepereiralima/Library/Java/Extensions:/Library/Java/Extensions:/Network/Library/Java/Extensions:/System/Library/Java/Extensions:/usr/lib/java:.
	java.net.preferIPv4Stack = true
	java.runtime.name = Java(TM) SE Runtime Environment
	java.runtime.version = 15.0.1+9-18
	java.specification.name = Java Platform API Specification
	java.specification.vendor = Oracle Corporation
	java.specification.version = 15
	java.util.logging.manager = org.jboss.logmanager.LogManager
	java.vendor = Oracle Corporation
	java.vendor.url = https://java.oracle.com/
	java.vendor.url.bug = https://bugreport.java.com/bugreport/
	java.version = 15.0.1
	java.version.date = 2020-10-20
	java.vm.compressedOopsMode = Zero based
	java.vm.info = mixed mode, sharing
	java.vm.name = Java HotSpot(TM) 64-Bit Server VM
	java.vm.specification.name = Java Virtual Machine Specification
	java.vm.specification.vendor = Oracle Corporation
	java.vm.specification.version = 15
	java.vm.vendor = Oracle Corporation
	java.vm.version = 15.0.1+9-18
	javax.management.builder.initial = org.jboss.as.jmx.PluggableMBeanServerBuilder
	jboss.bind.address = localhost
	jboss.bind.address.management = localhost
	jboss.home.dir = /Users/fabiojosepereiralima/Documents/OneDrive/Fabiojpl/DaybyDay/Atividades/20_SENAI_Vila_Mariana/SENAI_Full_Stack/Aulas_SENAI/UC11 - Modelagem de Sistemas/SA2 - Atividade 1 - Presencial - Implantação de aplicação Web/AppCaixaEletronico/wildfly-25.0.0.Final
	jboss.host.name = fabios-mbp
	jboss.modules.dir = /Users/fabiojosepereiralima/Documents/OneDrive/Fabiojpl/DaybyDay/Atividades/20_SENAI_Vila_Mariana/SENAI_Full_Stack/Aulas_SENAI/UC11 - Modelagem de Sistemas/SA2 - Atividade 1 - Presencial - Implantação de aplicação Web/AppCaixaEletronico/wildfly-25.0.0.Final/modules
	jboss.modules.system.pkgs = org.jboss.byteman
	jboss.node.name = fabios-mbp
	jboss.qualified.host.name = fabios-mbp
	jboss.server.base.dir = /Users/fabiojosepereiralima/Documents/OneDrive/Fabiojpl/DaybyDay/Atividades/20_SENAI_Vila_Mariana/SENAI_Full_Stack/Aulas_SENAI/UC11 - Modelagem de Sistemas/SA2 - Atividade 1 - Presencial - Implantação de aplicação Web/AppCaixaEletronico/wildfly-25.0.0.Final/standalone
	jboss.server.config.dir = /Users/fabiojosepereiralima/Documents/OneDrive/Fabiojpl/DaybyDay/Atividades/20_SENAI_Vila_Mariana/SENAI_Full_Stack/Aulas_SENAI/UC11 - Modelagem de Sistemas/SA2 - Atividade 1 - Presencial - Implantação de aplicação Web/AppCaixaEletronico/wildfly-25.0.0.Final/standalone/configuration
	jboss.server.data.dir = /Users/fabiojosepereiralima/Documents/OneDrive/Fabiojpl/DaybyDay/Atividades/20_SENAI_Vila_Mariana/SENAI_Full_Stack/Aulas_SENAI/UC11 - Modelagem de Sistemas/SA2 - Atividade 1 - Presencial - Implantação de aplicação Web/AppCaixaEletronico/wildfly-25.0.0.Final/standalone/data
	jboss.server.deploy.dir = /Users/fabiojosepereiralima/Documents/OneDrive/Fabiojpl/DaybyDay/Atividades/20_SENAI_Vila_Mariana/SENAI_Full_Stack/Aulas_SENAI/UC11 - Modelagem de Sistemas/SA2 - Atividade 1 - Presencial - Implantação de aplicação Web/AppCaixaEletronico/wildfly-25.0.0.Final/standalone/data/content
	jboss.server.log.dir = /Users/fabiojosepereiralima/Documents/OneDrive/Fabiojpl/DaybyDay/Atividades/20_SENAI_Vila_Mariana/SENAI_Full_Stack/Aulas_SENAI/UC11 - Modelagem de Sistemas/SA2 - Atividade 1 - Presencial - Implantação de aplicação Web/AppCaixaEletronico/wildfly-25.0.0.Final/standalone/log
	jboss.server.name = fabios-mbp
	jboss.server.persist.config = true
	jboss.server.temp.dir = /Users/fabiojosepereiralima/Documents/OneDrive/Fabiojpl/DaybyDay/Atividades/20_SENAI_Vila_Mariana/SENAI_Full_Stack/Aulas_SENAI/UC11 - Modelagem de Sistemas/SA2 - Atividade 1 - Presencial - Implantação de aplicação Web/AppCaixaEletronico/wildfly-25.0.0.Final/standalone/tmp
	jdk.debug = release
	line.separator = 

	logging.configuration = file:/Users/fabiojosepereiralima/Documents/OneDrive/Fabiojpl/DaybyDay/Atividades/20_SENAI_Vila_Mariana/SENAI_Full_Stack/Aulas_SENAI/UC11 - Modelagem de Sistemas/SA2 - Atividade 1 - Presencial - Implantação de aplicação Web/AppCaixaEletronico/wildfly-25.0.0.Final/standalone/configuration/logging.properties
	module.path = /Users/fabiojosepereiralima/Documents/OneDrive/Fabiojpl/DaybyDay/Atividades/20_SENAI_Vila_Mariana/SENAI_Full_Stack/Aulas_SENAI/UC11 - Modelagem de Sistemas/SA2 - Atividade 1 - Presencial - Implantação de aplicação Web/AppCaixaEletronico/wildfly-25.0.0.Final/modules
	org.jboss.boot.log.file = /Users/fabiojosepereiralima/Documents/OneDrive/Fabiojpl/DaybyDay/Atividades/20_SENAI_Vila_Mariana/SENAI_Full_Stack/Aulas_SENAI/UC11 - Modelagem de Sistemas/SA2 - Atividade 1 - Presencial - Implantação de aplicação Web/AppCaixaEletronico/wildfly-25.0.0.Final/standalone/log/boot.log
	org.jboss.logmanager.nocolor = true
	org.jboss.resolver.warning = true
	os.arch = x86_64
	os.name = Mac OS X
	os.version = 10.15.7
	path.separator = :
	program.name = JBossTools: WildFly 24+
	socksNonProxyHosts = local|*.local|169.254/16|*.169.254/16
	sun.arch.data.model = 64
	sun.boot.library.path = /Library/Java/JavaVirtualMachines/jdk-15.0.1.jdk/Contents/Home/lib
	sun.cpu.endian = little
	sun.io.unicode.encoding = UnicodeBig
	sun.java.command = org.jboss.modules.Main -mp /Users/fabiojosepereiralima/Documents/OneDrive/Fabiojpl/DaybyDay/Atividades/20_SENAI_Vila_Mariana/SENAI_Full_Stack/Aulas_SENAI/UC11 - Modelagem de Sistemas/SA2 - Atividade 1 - Presencial - Implantação de aplicação Web/AppCaixaEletronico/wildfly-25.0.0.Final/modules org.jboss.as.standalone -b localhost --server-config=standalone.xml -Djboss.server.base.dir=/Users/fabiojosepereiralima/Documents/OneDrive/Fabiojpl/DaybyDay/Atividades/20_SENAI_Vila_Mariana/SENAI_Full_Stack/Aulas_SENAI/UC11 - Modelagem de Sistemas/SA2 - Atividade 1 - Presencial - Implantação de aplicação Web/AppCaixaEletronico/wildfly-25.0.0.Final/standalone
	sun.java.launcher = SUN_STANDARD
	sun.jnu.encoding = UTF-8
	sun.management.compiler = HotSpot 64-Bit Tiered Compilers
	sun.rmi.dgc.client.gcInterval = 3600000
	sun.rmi.dgc.server.gcInterval = 3600000
	user.country = BR
	user.dir = /Users/fabiojosepereiralima/Documents/OneDrive/Fabiojpl/DaybyDay/Atividades/20_SENAI_Vila_Mariana/SENAI_Full_Stack/Aulas_SENAI/UC11 - Modelagem de Sistemas/SA2 - Atividade 1 - Presencial - Implantação de aplicação Web/AppCaixaEletronico/wildfly-25.0.0.Final/bin
	user.home = /Users/fabiojosepereiralima
	user.language = en
	user.name = fabiojosepereiralima
	user.timezone = America/Sao_Paulo
2021-11-27 10:54:05,793 DEBUG [org.jboss.as.config] (MSC service thread 1-2) VM Arguments: -Dprogram.name=JBossTools: WildFly 24+ -Xms64m -Xmx512m -Dorg.jboss.resolver.warning=true -Djava.net.preferIPv4Stack=true -Dsun.rmi.dgc.client.gcInterval=3600000 -Dsun.rmi.dgc.server.gcInterval=3600000 -Djboss.modules.system.pkgs=org.jboss.byteman -Djava.awt.headless=true -Dorg.jboss.boot.log.file=/Users/fabiojosepereiralima/Documents/OneDrive/Fabiojpl/DaybyDay/Atividades/20_SENAI_Vila_Mariana/SENAI_Full_Stack/Aulas_SENAI/UC11 - Modelagem de Sistemas/SA2 - Atividade 1 - Presencial - Implantação de aplicação Web/AppCaixaEletronico/wildfly-25.0.0.Final/standalone/log/boot.log -Dlogging.configuration=file:/Users/fabiojosepereiralima/Documents/OneDrive/Fabiojpl/DaybyDay/Atividades/20_SENAI_Vila_Mariana/SENAI_Full_Stack/Aulas_SENAI/UC11 - Modelagem de Sistemas/SA2 - Atividade 1 - Presencial - Implantação de aplicação Web/AppCaixaEletronico/wildfly-25.0.0.Final/standalone/configuration/logging.properties -Djboss.home.dir=/Users/fabiojosepereiralima/Documents/OneDrive/Fabiojpl/DaybyDay/Atividades/20_SENAI_Vila_Mariana/SENAI_Full_Stack/Aulas_SENAI/UC11 - Modelagem de Sistemas/SA2 - Atividade 1 - Presencial - Implantação de aplicação Web/AppCaixaEletronico/wildfly-25.0.0.Final -Dorg.jboss.logmanager.nocolor=true --add-exports=java.base/sun.nio.ch=ALL-UNNAMED --add-exports=jdk.unsupported/sun.misc=ALL-UNNAMED --add-exports=jdk.unsupported/sun.reflect=ALL-UNNAMED --add-modules=java.se -Djboss.bind.address.management=localhost -Dfile.encoding=UTF-8 -XX:+ShowCodeDetailsInExceptionMessages 
2021-11-27 10:54:07,300 INFO  [org.wildfly.security] (ServerService Thread Pool -- 21) ELY00001: WildFly Elytron version 1.17.1.Final
2021-11-27 10:54:08,433 INFO  [org.jboss.as.server.deployment.scanner] (DeploymentScanner-threads - 1) WFLYDS0004: Found CaixaEletronico.war in deployment directory. To trigger deployment create a file called CaixaEletronico.war.dodeploy
2021-11-27 10:54:08,585 INFO  [org.jboss.as.server] (Controller Boot Thread) WFLYSRV0039: Creating http management service using socket-binding (management-http)
2021-11-27 10:54:08,627 INFO  [org.xnio] (MSC service thread 1-2) XNIO version 3.8.4.Final
2021-11-27 10:54:08,642 INFO  [org.xnio.nio] (MSC service thread 1-2) XNIO NIO Implementation Version 3.8.4.Final
2021-11-27 10:54:08,728 INFO  [org.jboss.as.connector.subsystems.datasources] (ServerService Thread Pool -- 44) WFLYJCA0004: Deploying JDBC-compliant driver class org.h2.Driver (version 1.4)
2021-11-27 10:54:08,773 INFO  [org.jboss.as.jaxrs] (ServerService Thread Pool -- 56) WFLYRS0016: RESTEasy version 4.7.2.Final
2021-11-27 10:54:08,781 INFO  [org.wildfly.extension.io] (ServerService Thread Pool -- 55) WFLYIO001: Worker 'default' has auto-configured to 8 IO threads with 64 max task threads based on your 4 available processors
2021-11-27 10:54:08,783 INFO  [org.jboss.as.jsf] (ServerService Thread Pool -- 61) WFLYJSF0007: Activated the following Jakarta Server Faces Implementations: [main]
2021-11-27 10:54:08,789 INFO  [org.wildfly.extension.microprofile.config.smallrye] (ServerService Thread Pool -- 64) WFLYCONF0001: Activating MicroProfile Config Subsystem
2021-11-27 10:54:08,790 INFO  [org.wildfly.extension.microprofile.jwt.smallrye] (ServerService Thread Pool -- 65) WFLYJWT0001: Activating MicroProfile JWT Subsystem
2021-11-27 10:54:08,798 INFO  [org.wildfly.extension.elytron.oidc._private] (ServerService Thread Pool -- 52) WFLYOIDC0001: Activating WildFly Elytron OIDC Subsystem
2021-11-27 10:54:08,802 INFO  [org.jboss.as.clustering.infinispan] (ServerService Thread Pool -- 54) WFLYCLINF0001: Activating Infinispan subsystem.
2021-11-27 10:54:08,804 INFO  [org.jboss.as.naming] (ServerService Thread Pool -- 67) WFLYNAM0001: Activating Naming Subsystem
2021-11-27 10:54:08,809 INFO  [org.wildfly.extension.metrics] (ServerService Thread Pool -- 63) WFLYMETRICS0001: Activating Base Metrics Subsystem
2021-11-27 10:54:08,818 INFO  [org.wildfly.extension.microprofile.opentracing] (ServerService Thread Pool -- 66) WFLYTRACEXT0001: Activating MicroProfile OpenTracing Subsystem
2021-11-27 10:54:08,820 INFO  [org.wildfly.extension.health] (ServerService Thread Pool -- 53) WFLYHEALTH0001: Activating Base Health Subsystem
2021-11-27 10:54:08,842 INFO  [org.jboss.as.naming] (MSC service thread 1-6) WFLYNAM0003: Starting Naming Service
2021-11-27 10:54:08,843 INFO  [org.jboss.as.mail.extension] (MSC service thread 1-3) WFLYMAIL0001: Bound mail session [java:jboss/mail/Default]
2021-11-27 10:54:08,904 WARN  [org.jboss.as.txn] (ServerService Thread Pool -- 74) WFLYTX0013: The node-identifier attribute on the /subsystem=transactions is set to the default value. This is a danger for environments running multiple servers. Please make sure the attribute value is unique.
2021-11-27 10:54:08,915 INFO  [org.jboss.as.webservices] (ServerService Thread Pool -- 76) WFLYWS0002: Activating WebServices Extension
2021-11-27 10:54:08,923 INFO  [org.jboss.as.connector] (MSC service thread 1-8) WFLYJCA0009: Starting Jakarta Connectors Subsystem (WildFly/IronJacamar 1.5.2.Final)
2021-11-27 10:54:08,952 INFO  [org.jboss.remoting] (MSC service thread 1-1) JBoss Remoting version 5.0.23.Final
2021-11-27 10:54:08,954 INFO  [org.jboss.as.connector.deployers.jdbc] (MSC service thread 1-3) WFLYJCA0018: Started Driver service with driver-name = h2
2021-11-27 10:54:09,179 WARN  [org.wildfly.extension.elytron] (MSC service thread 1-2) WFLYELY00023: KeyStore file '/Users/fabiojosepereiralima/Documents/OneDrive/Fabiojpl/DaybyDay/Atividades/20_SENAI_Vila_Mariana/SENAI_Full_Stack/Aulas_SENAI/UC11 - Modelagem de Sistemas/SA2 - Atividade 1 - Presencial - Implantação de aplicação Web/AppCaixaEletronico/wildfly-25.0.0.Final/standalone/configuration/application.keystore' does not exist. Used blank.
2021-11-27 10:54:09,194 INFO  [org.wildfly.extension.undertow] (MSC service thread 1-1) WFLYUT0003: Undertow 2.2.12.Final starting
2021-11-27 10:54:09,256 WARN  [org.wildfly.extension.elytron] (MSC service thread 1-6) WFLYELY01084: KeyStore /Users/fabiojosepereiralima/Documents/OneDrive/Fabiojpl/DaybyDay/Atividades/20_SENAI_Vila_Mariana/SENAI_Full_Stack/Aulas_SENAI/UC11 - Modelagem de Sistemas/SA2 - Atividade 1 - Presencial - Implantação de aplicação Web/AppCaixaEletronico/wildfly-25.0.0.Final/standalone/configuration/application.keystore not found, it will be auto generated on first use with a self-signed certificate for host localhost
2021-11-27 10:54:09,374 INFO  [org.jboss.as.ejb3] (MSC service thread 1-4) WFLYEJB0481: Strict pool slsb-strict-max-pool is using a max instance size of 64 (per class), which is derived from thread worker pool sizing.
2021-11-27 10:54:09,389 INFO  [org.jboss.as.ejb3] (MSC service thread 1-1) WFLYEJB0482: Strict pool mdb-strict-max-pool is using a max instance size of 16 (per class), which is derived from the number of CPUs on this host.
2021-11-27 10:54:09,438 INFO  [org.wildfly.extension.undertow] (ServerService Thread Pool -- 75) WFLYUT0014: Creating file handler for path '/Users/fabiojosepereiralima/Documents/OneDrive/Fabiojpl/DaybyDay/Atividades/20_SENAI_Vila_Mariana/SENAI_Full_Stack/Aulas_SENAI/UC11 - Modelagem de Sistemas/SA2 - Atividade 1 - Presencial - Implantação de aplicação Web/AppCaixaEletronico/wildfly-25.0.0.Final/welcome-content' with options [directory-listing: 'false', follow-symlink: 'false', case-sensitive: 'true', safe-symlink-paths: '[]']
2021-11-27 10:54:09,454 INFO  [org.wildfly.extension.undertow] (MSC service thread 1-4) WFLYUT0012: Started server default-server.
2021-11-27 10:54:09,455 INFO  [org.wildfly.extension.undertow] (MSC service thread 1-2) Queuing requests.
2021-11-27 10:54:09,456 INFO  [org.wildfly.extension.undertow] (MSC service thread 1-2) WFLYUT0018: Host default-host starting
2021-11-27 10:54:09,600 INFO  [org.wildfly.extension.undertow] (MSC service thread 1-4) WFLYUT0006: Undertow HTTP listener default listening on 127.0.0.1:8080
2021-11-27 10:54:09,692 INFO  [org.jboss.as.ejb3] (MSC service thread 1-1) WFLYEJB0493: Jakarta Enterprise Beans subsystem suspension complete
2021-11-27 10:54:09,846 INFO  [org.jboss.as.connector.subsystems.datasources] (MSC service thread 1-4) WFLYJCA0001: Bound data source [java:jboss/datasources/ExampleDS]
2021-11-27 10:54:09,964 INFO  [org.wildfly.extension.undertow] (MSC service thread 1-4) WFLYUT0006: Undertow HTTPS listener https listening on 127.0.0.1:8443
2021-11-27 10:54:10,426 INFO  [org.jboss.as.patching] (MSC service thread 1-6) WFLYPAT0050: WildFly Full cumulative patch ID is: base, one-off patches include: none
